1604581611381	geckodriver	INFO	Listening on 127.0.0.1:60834
1604581614456	mozrunner::runner	INFO	Running command: "C:\\Program Files (x86)\\Mozilla Firefox\\firefox.exe" "--marionette" "-foreground" "-no-remote" "-profile" "C:\\Users\\lre\\AppData\\Local\\Temp\\rust_mozprofileYPFVTN"
Can't find symbol 'eglSwapBuffersWithDamageEXT'.
JavaScript error: resource://gre/modules/XULStore.jsm, line 66: Error: Can't find profile directory.
console.warn: SearchSettings: "get: No settings file exists, new profile?" (new Error("", "(unknown module)"))
1604581617385	Marionette	INFO	Listening on port 60842
1604581617659	Marionette	WARN	TLS certificate errors will be ignored for this session
1604581673256	Marionette	INFO	Stopped listening on port 60842

###!!! [Child][MessageChannel::SendAndWait] Error: Channel error: cannot send/recv

1604581682794	geckodriver	INFO	Listening on 127.0.0.1:61042
1604581685892	mozrunner::runner	INFO	Running command: "C:\\Program Files (x86)\\Mozilla Firefox\\firefox.exe" "--marionette" "-foreground" "-no-remote" "-profile" "C:\\Users\\lre\\AppData\\Local\\Temp\\rust_mozprofileXCCdu8"
Can't find symbol 'eglSwapBuffersWithDamageEXT'.
JavaScript error: resource://gre/modules/XULStore.jsm, line 66: Error: Can't find profile directory.
console.warn: SearchSettings: "get: No settings file exists, new profile?" (new Error("", "(unknown module)"))
1604581688741	Marionette	INFO	Listening on port 61050
1604581689091	Marionette	WARN	TLS certificate errors will be ignored for this session
1604582192173	Marionette	INFO	Stopped listening on port 61050

###!!! [Child][RunMessage] Error: Channel closing: too late to send/recv, messages will be lost


###!!! [Child][MessageChannel::SendAndWait] Error: Channel error: cannot send/recv

al\\Temp\\rust_mozprofileAphSFb"
Can't find symbol 'eglSwapBuffersWithDamageEXT'.
JavaScript error: resource://gre/modules/XULStore.jsm, line 66: Error: Can't find profile directory.
console.warn: SearchSettings: "get: No settings file exists, new profile?" (new Error("", "(unknown module)"))
1604581860041	Marionette	INFO	Listening on port 61183
1604581860500	Marionette	WARN	TLS certificate errors will be ignored for this session
1604582191532	Marionette	INFO	Stopped listening on port 61183

###!!! [Child][RunMessage] Error: Channel closing: too late to send/recv, messages will be lost


###!!! [Child][MessageChannel::SendAndWait] Error: Channel error: cannot send/recv

al\\Temp\\rust_mozprofile2scQD0"
Can't find symbol 'eglSwapBuffersWithDamageEXT'.
JavaScript error: resource://gre/modules/XULStore.jsm, line 66: Error: Can't find profile directory.
console.warn: SearchSettings: "get: No settings file exists, new profile?" (new Error("", "(unknown module)"))
1604582107986	Marionette	INFO	Listening on port 61435
1604582108159	Marionette	WARN	TLS certificate errors will be ignored for this session
1604582189978	Marionette	INFO	Stopped listening on port 61435

###!!! [Child][RunMessage] Error: Channel closing: too late to send/recv, messages will be lost


###!!! [Child][MessageChannel::SendAndWait] Error: Channel error: cannot send/recv

