1603731172329	geckodriver	INFO	Listening on 127.0.0.1:64115
1603731175365	mozrunner::runner	INFO	Running command: "C:\\Program Files (x86)\\Mozilla Firefox\\firefox.exe" "--marionette" "-foreground" "-no-remote" "-profile" "C:\\Users\\lre\\AppData\\Local\\Temp\\rust_mozprofilezNrmim"
Can't find symbol 'eglSwapBuffersWithDamageEXT'.
JavaScript error: resource://gre/modules/XULStore.jsm, line 66: Error: Can't find profile directory.
console.error: SearchCache: "_readCacheFile: Error reading cache file:" (new Error("", "(unknown module)"))
1603731178068	Marionette	INFO	Listening on port 64125
1603731178616	Marionette	WARN	TLS certificate errors will be ignored for this session
1603731573508	Marionette	INFO	Stopped listening on port 64125

###!!! [Child][RunMessage] Error: Channel closing: too late to send/recv, messages will be lost


###!!! [Child][MessageChannel::SendAndWait] Error: Channel error: cannot send/recv

al\\Temp\\rust_mozprofilegifvpn"
Can't find symbol 'eglSwapBuffersWithDamageEXT'.
JavaScript error: resource://gre/modules/XULStore.jsm, line 66: Error: Can't find profile directory.
console.error: SearchCache: "_readCacheFile: Error reading cache file:" (new Error("", "(unknown module)"))
1603731303781	Marionette	INFO	Listening on port 64248
1603731304223	Marionette	WARN	TLS certificate errors will be ignored for this session
1603731571908	Marionette	INFO	Stopped listening on port 64248

###!!! [Child][RunMessage] Error: Channel closing: too late to send/recv, messages will be lost


###!!! [Child][MessageChannel::SendAndWait] Error: Channel error: cannot send/recv

al\\Temp\\rust_mozprofilefSKZmz"
Can't find symbol 'eglSwapBuffersWithDamageEXT'.
JavaScript error: resource://gre/modules/XULStore.jsm, line 66: Error: Can't find profile directory.
console.error: SearchCache: "_readCacheFile: Error reading cache file:" (new Error("", "(unknown module)"))
1603731379790	Marionette	INFO	Listening on port 64378
1603731380192	Marionette	WARN	TLS certificate errors will be ignored for this session
1603731570354	Marionette	INFO	Stopped listening on port 64378

###!!! [Child][RunMessage] Error: Channel closing: too late to send/recv, messages will be lost


###!!! [Child][MessageChannel::SendAndWait] Error: Channel error: cannot send/recv

1605199986039	geckodriver	INFO	Listening on 127.0.0.1:51760
1605199989145	mozrunner::runner	INFO	Running command: "C:\\Program Files (x86)\\Mozilla Firefox\\firefox.exe" "--marionette" "-foreground" "-no-remote" "-profile" "C:\\Users\\lre\\AppData\\Local\\Temp\\rust_mozprofile4TT95n"
Can't find symbol 'eglSwapBuffersWithDamageEXT'.
JavaScript error: resource://gre/modules/XULStore.jsm, line 66: Error: Can't find profile directory.
console.warn: SearchSettings: "get: No settings file exists, new profile?" (new Error("", "(unknown module)"))
1605199993809	Marionette	INFO	Listening on port 51768
1605199994031	Marionette	WARN	TLS certificate errors will be ignored for this session
1605200055061	geckodriver	INFO	Listening on 127.0.0.1:51801
1605200058143	mozrunner::runner	INFO	Running command: "C:\\Program Files (x86)\\Mozilla Firefox\\firefox.exe" "--marionette" "-foreground" "-no-remote" "-profile" "C:\\Users\\lre\\AppData\\Local\\Temp\\rust_mozprofile6N3Qju"
Can't find symbol 'eglSwapBuffersWithDamageEXT'.
JavaScript error: resource://gre/modules/XULStore.jsm, line 66: Error: Can't find profile directory.
